<?xml version="1.0" encoding="UTF-8"?>
<testsuite name="PostmanApiTest" tests="1" skipped="0" failures="0" errors="0" timestamp="2021-04-04T14:43:23" hostname="DESKTOP-N1KSJ5M" time="2.632">
  <properties/>
  <testcase name="shouldPostedData()" classname="PostmanApiTest" time="2.632"/>
  <system-out><![CDATA[]]></system-out>
  <system-err><![CDATA[]]></system-err>
</testsuite>
